2025-04-07 14:21:51.363 INFO  [background-preinit] o.h.validator.internal.util.Version - HV000001: Hibernate Validator 8.0.2.Final
2025-04-08 14:21:51.411 INFO  [restartedMain] c.e.v.VinylTrackerApiApplication - Starting VinylTrackerApiApplication using Java 23.0.2 with PID 2280 (C:\JCP\VinylTrackerAPI\target\classes started by Roman Ambrosevich in C:\JCP\VinylTrackerAPI)
2025-04-08 14:21:51.411 DEBUG [restartedMain] c.e.v.VinylTrackerApiApplication - Running with Spring Boot v3.4.2, Spring v6.2.2
2025-04-08 14:21:51.412 INFO  [restartedMain] c.e.v.VinylTrackerApiApplication - No active profile set, falling back to 1 default profile: "default"
2025-04-08 14:21:51.461 INFO  [restartedMain] o.s.b.d.e.DevToolsPropertyDefaultsPostProcessor - Devtools property defaults active! Set 'spring.devtools.add-properties' to 'false' to disable
2025-04-08 14:21:51.462 INFO  [restartedMain] o.s.b.d.e.DevToolsPropertyDefaultsPostProcessor - For additional web related logging consider setting the 'logging.level.web' property to 'DEBUG'
2025-04-08 14:21:52.606 INFO  [restartedMain] o.s.d.r.c.RepositoryConfigurationDelegate - Bootstrapping Spring Data JPA repositories in DEFAULT mode.
2025-04-08 14:21:52.695 INFO  [restartedMain] o.s.d.r.c.RepositoryConfigurationDelegate - Finished Spring Data repository scanning in 78 ms. Found 6 JPA repository interfaces.
2025-04-08 14:21:53.692 INFO  [restartedMain] o.s.b.w.e.tomcat.TomcatWebServer - Tomcat initialized with port 8080 (http)
2025-04-08 14:21:53.705 INFO  [restartedMain] o.a.coyote.http11.Http11NioProtocol - Initializing ProtocolHandler ["http-nio-8080"]
2025-04-08 14:21:53.706 INFO  [restartedMain] o.a.catalina.core.StandardService - Starting service [Tomcat]
2025-04-08 14:21:53.706 INFO  [restartedMain] o.a.catalina.core.StandardEngine - Starting Servlet engine: [Apache Tomcat/10.1.34]
2025-04-08 14:21:53.756 INFO  [restartedMain] o.a.c.c.C.[Tomcat].[localhost].[/] - Initializing Spring embedded WebApplicationContext
2025-04-08 14:21:53.756 INFO  [restartedMain] o.s.b.w.s.c.ServletWebServerApplicationContext - Root WebApplicationContext: initialization completed in 2294 ms
2025-04-08 14:21:53.909 DEBUG [restartedMain] c.e.v.api.mdc.LoggingFilter - Filter 'loggingFilter' configured for use
2025-04-08 14:21:54.040 INFO  [restartedMain] o.h.jpa.internal.util.LogHelper - HHH000204: Processing PersistenceUnitInfo [name: default]
2025-04-08 14:21:54.106 INFO  [restartedMain] org.hibernate.Version - HHH000412: Hibernate ORM core version 6.6.5.Final
2025-04-08 14:21:54.143 INFO  [restartedMain] o.h.c.i.RegionFactoryInitiator - HHH000026: Second-level cache disabled
2025-04-08 14:21:54.404 INFO  [restartedMain] o.s.o.j.p.SpringPersistenceUnitInfo - No LoadTimeWeaver setup: ignoring JPA class transformer
2025-04-08 14:21:54.431 INFO  [restartedMain] com.zaxxer.hikari.HikariDataSource - HikariPool-1 - Starting...
2025-04-08 14:21:54.540 INFO  [restartedMain] com.zaxxer.hikari.pool.HikariPool - HikariPool-1 - Added connection org.postgresql.jdbc.PgConnection@586d7963
2025-04-08 14:21:54.541 INFO  [restartedMain] com.zaxxer.hikari.HikariDataSource - HikariPool-1 - Start completed.
2025-04-08 14:21:54.929 WARN  [restartedMain] org.hibernate.orm.deprecation - HHH90000025: PostgreSQLDialect does not need to be specified explicitly using 'hibernate.dialect' (remove the property setting and it will be selected by default)
2025-04-08 14:21:54.948 INFO  [restartedMain] o.hibernate.orm.connections.pooling - HHH10001005: Database info:
	Database JDBC URL [Connecting through datasource 'HikariDataSource (HikariPool-1)']
	Database driver: undefined/unknown
	Database version: 17.2
	Autocommit mode: undefined/unknown
	Isolation level: undefined/unknown
	Minimum pool size: undefined/unknown
	Maximum pool size: undefined/unknown
2025-04-08 14:21:55.852 INFO  [restartedMain] o.h.e.t.j.p.i.JtaPlatformInitiator - HHH000489: No JTA platform available (set 'hibernate.transaction.jta.platform' to enable JTA platform integration)
2025-04-08 14:21:56.408 INFO  [restartedMain] o.s.o.j.LocalContainerEntityManagerFactoryBean - Initialized JPA EntityManagerFactory for persistence unit 'default'
2025-04-08 14:21:56.775 INFO  [restartedMain] c.e.v.service.RoleService - [ROLE] Все роли загружены в кэш
2025-04-08 14:21:56.946 INFO  [restartedMain] o.s.d.j.r.query.QueryEnhancerFactory - Hibernate is in classpath; If applicable, HQL parser will be used.
2025-04-08 14:21:56.980 INFO  [restartedMain] c.e.v.service.GenreService - [GENRE] Все жанры загружены в кэш
2025-04-08 14:21:57.034 INFO  [restartedMain] c.e.v.service.VinylStatusService - [VINYL-STATUS] Все жанры загружены в кэш
2025-04-08 14:21:57.251 WARN  [restartedMain] o.s.b.a.o.j.JpaBaseConfiguration$JpaWebConfiguration - spring.jpa.open-in-view is enabled by default. Therefore, database queries may be performed during view rendering. Explicitly configure spring.jpa.open-in-view to disable this warning
2025-04-08 14:21:58.358 INFO  [restartedMain] o.s.b.d.a.OptionalLiveReloadServer - LiveReload server is running on port 35729
2025-04-08 14:21:58.371 INFO  [restartedMain] o.s.b.a.e.web.EndpointLinksResolver - Exposing 1 endpoint beneath base path '/actuator'
2025-04-08 14:21:58.455 INFO  [restartedMain] o.a.coyote.http11.Http11NioProtocol - Starting ProtocolHandler ["http-nio-8080"]
2025-04-08 14:21:58.474 INFO  [restartedMain] o.s.b.w.e.tomcat.TomcatWebServer - Tomcat started on port 8080 (http) with context path '/'
2025-04-08 14:21:58.493 INFO  [restartedMain] c.e.v.VinylTrackerApiApplication - Started VinylTrackerApiApplication in 7.607 seconds (process running for 8.549)
2025-04-08 14:21:58.501 INFO  [restartedMain] c.e.v.VinylTrackerApiApplication - Приложение запущено!
2025-04-08 14:21:58.734 INFO  [RMI TCP Connection(4)-192.168.56.1] o.a.c.c.C.[Tomcat].[localhost].[/] - Initializing Spring DispatcherServlet 'dispatcherServlet'
2025-04-08 14:21:58.734 INFO  [RMI TCP Connection(4)-192.168.56.1] o.s.web.servlet.DispatcherServlet - Initializing Servlet 'dispatcherServlet'
2025-04-08 14:21:58.737 INFO  [RMI TCP Connection(4)-192.168.56.1] o.s.web.servlet.DispatcherServlet - Completed initialization in 3 ms
2025-04-08 14:22:14.235 WARN  [http-nio-8080-exec-2] o.s.w.s.m.m.a.ExceptionHandlerExceptionResolver - Resolved [org.springframework.web.servlet.resource.NoResourceFoundException: No static resource users.]
2025-04-08 14:22:18.234 INFO  [http-nio-8080-exec-7] c.e.v.api.aspects.LoggingAspect - [GET] /users - List com.example.vinyltrackerapi.api.controllers.UserController.getAllUsers()
2025-04-08 14:22:18.252 INFO  [http-nio-8080-exec-7] c.e.v.service.CacheService - [CACHE] Добавлено: all-users
2025-04-08 14:22:18.252 INFO  [http-nio-8080-exec-7] c.e.v.service.UserService - [USER] Получены все пользователи
2025-04-08 14:22:47.612 INFO  [http-nio-8080-exec-9] c.e.v.api.aspects.LoggingAspect - [GET] /logs/2025-04-06 - ResponseEntity com.example.vinyltrackerapi.api.controllers.LogController.getLogsByDate(String)
2025-04-08 14:23:38.343 INFO  [SpringApplicationShutdownHook] o.s.b.w.e.tomcat.GracefulShutdown - Commencing graceful shutdown. Waiting for active requests to complete
2025-04-08 14:23:38.357 INFO  [tomcat-shutdown] o.s.b.w.e.tomcat.GracefulShutdown - Graceful shutdown complete
2025-04-08 14:23:38.362 INFO  [SpringApplicationShutdownHook] c.e.v.service.CacheService - [CACHE] Планировщик успешно завершён.
2025-04-08 14:23:38.363 INFO  [SpringApplicationShutdownHook] o.s.o.j.LocalContainerEntityManagerFactoryBean - Closing JPA EntityManagerFactory for persistence unit 'default'
2025-04-08 14:23:38.365 INFO  [SpringApplicationShutdownHook] com.zaxxer.hikari.HikariDataSource - HikariPool-1 - Shutdown initiated...
2025-04-09 14:23:38.367 INFO  [SpringApplicationShutdownHook] com.zaxxer.hikari.HikariDataSource - HikariPool-1 - Shutdown completed.
2025-04-08 14:23:53.041 INFO  [background-preinit] o.h.validator.internal.util.Version - HV000001: Hibernate Validator 8.0.2.Final
2025-04-08 14:23:53.085 INFO  [restartedMain] c.e.v.VinylTrackerApiApplication - Starting VinylTrackerApiApplication using Java 23.0.2 with PID 10872 (C:\JCP\VinylTrackerAPI\target\classes started by Roman Ambrosevich in C:\JCP\VinylTrackerAPI)
2025-04-08 14:23:53.085 DEBUG [restartedMain] c.e.v.VinylTrackerApiApplication - Running with Spring Boot v3.4.2, Spring v6.2.2
2025-04-08 14:23:53.086 INFO  [restartedMain] c.e.v.VinylTrackerApiApplication - No active profile set, falling back to 1 default profile: "default"
2025-04-08 14:23:53.135 INFO  [restartedMain] o.s.b.d.e.DevToolsPropertyDefaultsPostProcessor - Devtools property defaults active! Set 'spring.devtools.add-properties' to 'false' to disable
2025-04-08 14:23:53.136 INFO  [restartedMain] o.s.b.d.e.DevToolsPropertyDefaultsPostProcessor - For additional web related logging consider setting the 'logging.level.web' property to 'DEBUG'
2025-04-08 14:23:54.180 INFO  [restartedMain] o.s.d.r.c.RepositoryConfigurationDelegate - Bootstrapping Spring Data JPA repositories in DEFAULT mode.
2025-04-08 14:23:54.268 INFO  [restartedMain] o.s.d.r.c.RepositoryConfigurationDelegate - Finished Spring Data repository scanning in 78 ms. Found 6 JPA repository interfaces.
2025-04-08 14:23:55.185 INFO  [restartedMain] o.s.b.w.e.tomcat.TomcatWebServer - Tomcat initialized with port 8080 (http)
2025-04-08 14:23:55.200 INFO  [restartedMain] o.a.coyote.http11.Http11NioProtocol - Initializing ProtocolHandler ["http-nio-8080"]
2025-04-08 14:23:55.202 INFO  [restartedMain] o.a.catalina.core.StandardService - Starting service [Tomcat]
2025-04-08 14:23:55.203 INFO  [restartedMain] o.a.catalina.core.StandardEngine - Starting Servlet engine: [Apache Tomcat/10.1.34]
2025-04-08 14:23:55.263 INFO  [restartedMain] o.a.c.c.C.[Tomcat].[localhost].[/] - Initializing Spring embedded WebApplicationContext
2025-04-08 14:23:55.263 INFO  [restartedMain] o.s.b.w.s.c.ServletWebServerApplicationContext - Root WebApplicationContext: initialization completed in 2127 ms
2025-04-08 14:23:55.443 DEBUG [restartedMain] c.e.v.api.mdc.LoggingFilter - Filter 'loggingFilter' configured for use
2025-04-08 14:23:55.567 INFO  [restartedMain] o.h.jpa.internal.util.LogHelper - HHH000204: Processing PersistenceUnitInfo [name: default]
2025-04-08 14:23:55.613 INFO  [restartedMain] org.hibernate.Version - HHH000412: Hibernate ORM core version 6.6.5.Final
2025-04-08 14:23:55.645 INFO  [restartedMain] o.h.c.i.RegionFactoryInitiator - HHH000026: Second-level cache disabled
2025-04-08 14:23:55.905 INFO  [restartedMain] o.s.o.j.p.SpringPersistenceUnitInfo - No LoadTimeWeaver setup: ignoring JPA class transformer
2025-04-08 14:23:55.932 INFO  [restartedMain] com.zaxxer.hikari.HikariDataSource - HikariPool-1 - Starting...
2025-04-08 14:23:56.026 INFO  [restartedMain] com.zaxxer.hikari.pool.HikariPool - HikariPool-1 - Added connection org.postgresql.jdbc.PgConnection@7ab3ab74
2025-04-08 14:23:56.028 INFO  [restartedMain] com.zaxxer.hikari.HikariDataSource - HikariPool-1 - Start completed.
2025-04-08 14:23:56.269 WARN  [restartedMain] org.hibernate.orm.deprecation - HHH90000025: PostgreSQLDialect does not need to be specified explicitly using 'hibernate.dialect' (remove the property setting and it will be selected by default)
2025-04-08 14:23:56.285 INFO  [restartedMain] o.hibernate.orm.connections.pooling - HHH10001005: Database info:
	Database JDBC URL [Connecting through datasource 'HikariDataSource (HikariPool-1)']
	Database driver: undefined/unknown
	Database version: 17.2
	Autocommit mode: undefined/unknown
	Isolation level: undefined/unknown
	Minimum pool size: undefined/unknown
	Maximum pool size: undefined/unknown
2025-04-08 14:23:57.051 INFO  [restartedMain] o.h.e.t.j.p.i.JtaPlatformInitiator - HHH000489: No JTA platform available (set 'hibernate.transaction.jta.platform' to enable JTA platform integration)
2025-04-08 14:23:57.508 INFO  [restartedMain] o.s.o.j.LocalContainerEntityManagerFactoryBean - Initialized JPA EntityManagerFactory for persistence unit 'default'
2025-04-08 14:23:57.830 INFO  [restartedMain] c.e.v.service.RoleService - [ROLE] Все роли загружены в кэш
2025-04-08 14:23:57.957 INFO  [restartedMain] o.s.d.j.r.query.QueryEnhancerFactory - Hibernate is in classpath; If applicable, HQL parser will be used.
2025-04-08 14:23:57.983 INFO  [restartedMain] c.e.v.service.GenreService - [GENRE] Все жанры загружены в кэш
2025-04-08 14:23:58.030 INFO  [restartedMain] c.e.v.service.VinylStatusService - [VINYL-STATUS] Все жанры загружены в кэш
2025-04-08 14:23:58.203 WARN  [restartedMain] o.s.b.a.o.j.JpaBaseConfiguration$JpaWebConfiguration - spring.jpa.open-in-view is enabled by default. Therefore, database queries may be performed during view rendering. Explicitly configure spring.jpa.open-in-view to disable this warning
2025-04-08 14:23:59.100 INFO  [restartedMain] o.s.b.d.a.OptionalLiveReloadServer - LiveReload server is running on port 35729
2025-04-08 14:23:59.113 INFO  [restartedMain] o.s.b.a.e.web.EndpointLinksResolver - Exposing 1 endpoint beneath base path '/actuator'
2025-04-08 14:23:59.190 INFO  [restartedMain] o.a.coyote.http11.Http11NioProtocol - Starting ProtocolHandler ["http-nio-8080"]
2025-04-08 14:23:59.208 INFO  [restartedMain] o.s.b.w.e.tomcat.TomcatWebServer - Tomcat started on port 8080 (http) with context path '/'
2025-04-08 14:23:59.226 INFO  [restartedMain] c.e.v.VinylTrackerApiApplication - Started VinylTrackerApiApplication in 6.665 seconds (process running for 7.433)
2025-04-08 14:23:59.235 INFO  [restartedMain] c.e.v.VinylTrackerApiApplication - Приложение запущено!
2025-04-08 14:23:59.736 INFO  [RMI TCP Connection(2)-192.168.56.1] o.a.c.c.C.[Tomcat].[localhost].[/] - Initializing Spring DispatcherServlet 'dispatcherServlet'
2025-04-08 14:23:59.736 INFO  [RMI TCP Connection(2)-192.168.56.1] o.s.web.servlet.DispatcherServlet - Initializing Servlet 'dispatcherServlet'
2025-04-08 14:23:59.739 INFO  [RMI TCP Connection(2)-192.168.56.1] o.s.web.servlet.DispatcherServlet - Completed initialization in 3 ms
2025-04-08 14:24:00.426 WARN  [http-nio-8080-exec-1] o.s.w.s.m.m.a.ExceptionHandlerExceptionResolver - Resolved [org.springframework.web.servlet.resource.NoResourceFoundException: No static resource lusers.]
2025-04-08 14:24:05.899 INFO  [http-nio-8080-exec-7] c.e.v.api.aspects.LoggingAspect - [GET] /users - List com.example.vinyltrackerapi.api.controllers.UserController.getAllUsers()
2025-04-08 14:24:05.907 INFO  [http-nio-8080-exec-7] c.e.v.service.CacheService - [CACHE] Добавлено: all-users
2025-04-08 14:24:05.907 INFO  [http-nio-8080-exec-7] c.e.v.service.UserService - [USER] Получены все пользователи
2025-04-08 14:24:58.393 INFO  [SpringApplicationShutdownHook] o.s.b.w.e.tomcat.GracefulShutdown - Commencing graceful shutdown. Waiting for active requests to complete
2025-04-08 14:24:58.407 INFO  [tomcat-shutdown] o.s.b.w.e.tomcat.GracefulShutdown - Graceful shutdown complete
2025-04-08 14:24:58.413 INFO  [SpringApplicationShutdownHook] c.e.v.service.CacheService - [CACHE] Планировщик успешно завершён.
2025-04-08 14:24:58.414 INFO  [SpringApplicationShutdownHook] o.s.o.j.LocalContainerEntityManagerFactoryBean - Closing JPA EntityManagerFactory for persistence unit 'default'
2025-04-08 14:24:58.417 INFO  [SpringApplicationShutdownHook] com.zaxxer.hikari.HikariDataSource - HikariPool-1 - Shutdown initiated...
2025-04-08 14:24:58.419 INFO  [SpringApplicationShutdownHook] com.zaxxer.hikari.HikariDataSource - HikariPool-1 - Shutdown completed.
