2025-04-06 16:44:55.440 INFO  [background-preinit] o.h.validator.internal.util.Version - HV000001: Hibernate Validator 8.0.2.Final
2025-04-06 16:44:55.534 INFO  [restartedMain] c.e.v.VinylTrackerApiApplication - Starting VinylTrackerApiApplication using Java 23.0.2 with PID 15584 (C:\JCP\VinylTrackerAPI\target\classes started by Roman Ambrosevich in C:\JCP\VinylTrackerAPI)
2025-04-06 16:44:55.535 DEBUG [restartedMain] c.e.v.VinylTrackerApiApplication - Running with Spring Boot v3.4.2, Spring v6.2.2
2025-04-06 16:44:55.537 INFO  [restartedMain] c.e.v.VinylTrackerApiApplication - No active profile set, falling back to 1 default profile: "default"
2025-04-06 16:44:55.632 INFO  [restartedMain] o.s.b.d.e.DevToolsPropertyDefaultsPostProcessor - Devtools property defaults active! Set 'spring.devtools.add-properties' to 'false' to disable
2025-04-06 16:44:55.632 INFO  [restartedMain] o.s.b.d.e.DevToolsPropertyDefaultsPostProcessor - For additional web related logging consider setting the 'logging.level.web' property to 'DEBUG'
2025-04-06 16:44:57.472 INFO  [restartedMain] o.s.d.r.c.RepositoryConfigurationDelegate - Bootstrapping Spring Data JPA repositories in DEFAULT mode.
2025-04-06 16:44:57.585 INFO  [restartedMain] o.s.d.r.c.RepositoryConfigurationDelegate - Finished Spring Data repository scanning in 90 ms. Found 6 JPA repository interfaces.
2025-04-06 16:44:58.741 INFO  [restartedMain] o.s.b.w.e.tomcat.TomcatWebServer - Tomcat initialized with port 8080 (http)
2025-04-06 16:44:58.765 INFO  [restartedMain] o.a.coyote.http11.Http11NioProtocol - Initializing ProtocolHandler ["http-nio-8080"]
2025-04-06 16:44:58.767 INFO  [restartedMain] o.a.catalina.core.StandardService - Starting service [Tomcat]
2025-04-06 16:44:58.768 INFO  [restartedMain] o.a.catalina.core.StandardEngine - Starting Servlet engine: [Apache Tomcat/10.1.34]
2025-04-06 16:44:58.941 INFO  [restartedMain] o.a.c.c.C.[Tomcat].[localhost].[/] - Initializing Spring embedded WebApplicationContext
2025-04-06 16:44:58.941 INFO  [restartedMain] o.s.b.w.s.c.ServletWebServerApplicationContext - Root WebApplicationContext: initialization completed in 3308 ms
2025-04-06 16:44:59.265 DEBUG [restartedMain] c.e.v.api.mdc.LoggingFilter - Filter 'loggingFilter' configured for use
2025-04-06 16:44:59.554 INFO  [restartedMain] o.h.jpa.internal.util.LogHelper - HHH000204: Processing PersistenceUnitInfo [name: default]
2025-04-06 16:44:59.659 INFO  [restartedMain] org.hibernate.Version - HHH000412: Hibernate ORM core version 6.6.5.Final
2025-04-06 16:44:59.712 INFO  [restartedMain] o.h.c.i.RegionFactoryInitiator - HHH000026: Second-level cache disabled
2025-04-06 16:45:00.159 INFO  [restartedMain] o.s.o.j.p.SpringPersistenceUnitInfo - No LoadTimeWeaver setup: ignoring JPA class transformer
2025-04-06 16:45:00.203 INFO  [restartedMain] com.zaxxer.hikari.HikariDataSource - HikariPool-1 - Starting...
2025-04-06 16:45:00.449 INFO  [restartedMain] com.zaxxer.hikari.pool.HikariPool - HikariPool-1 - Added connection org.postgresql.jdbc.PgConnection@2c4e65cf
2025-04-06 16:45:00.451 INFO  [restartedMain] com.zaxxer.hikari.HikariDataSource - HikariPool-1 - Start completed.
2025-04-06 16:45:01.164 WARN  [restartedMain] org.hibernate.orm.deprecation - HHH90000025: PostgreSQLDialect does not need to be specified explicitly using 'hibernate.dialect' (remove the property setting and it will be selected by default)
2025-04-06 16:45:01.195 INFO  [restartedMain] o.hibernate.orm.connections.pooling - HHH10001005: Database info:
	Database JDBC URL [Connecting through datasource 'HikariDataSource (HikariPool-1)']
	Database driver: undefined/unknown
	Database version: 17.2
	Autocommit mode: undefined/unknown
	Isolation level: undefined/unknown
	Minimum pool size: undefined/unknown
	Maximum pool size: undefined/unknown
2025-04-06 16:45:02.691 INFO  [restartedMain] o.h.e.t.j.p.i.JtaPlatformInitiator - HHH000489: No JTA platform available (set 'hibernate.transaction.jta.platform' to enable JTA platform integration)
2025-04-06 16:45:03.721 INFO  [restartedMain] o.s.o.j.LocalContainerEntityManagerFactoryBean - Initialized JPA EntityManagerFactory for persistence unit 'default'
2025-04-06 16:45:04.288 INFO  [restartedMain] c.e.v.service.RoleService - [ROLE] Все роли загружены в кэш
2025-04-06 16:45:04.562 INFO  [restartedMain] o.s.d.j.r.query.QueryEnhancerFactory - Hibernate is in classpath; If applicable, HQL parser will be used.
2025-04-06 16:45:04.609 INFO  [restartedMain] c.e.v.service.GenreService - [GENRE] Все жанры загружены в кэш
2025-04-06 16:45:04.678 INFO  [restartedMain] c.e.v.service.VinylStatusService - [VINYL-STATUS] Все жанры загружены в кэш
2025-04-06 16:45:04.989 WARN  [restartedMain] o.s.b.a.o.j.JpaBaseConfiguration$JpaWebConfiguration - spring.jpa.open-in-view is enabled by default. Therefore, database queries may be performed during view rendering. Explicitly configure spring.jpa.open-in-view to disable this warning
2025-04-06 16:45:06.426 INFO  [restartedMain] o.s.b.d.a.OptionalLiveReloadServer - LiveReload server is running on port 35729
2025-04-06 16:45:06.441 INFO  [restartedMain] o.s.b.a.e.web.EndpointLinksResolver - Exposing 1 endpoint beneath base path '/actuator'
2025-04-06 16:45:06.529 INFO  [restartedMain] o.a.coyote.http11.Http11NioProtocol - Starting ProtocolHandler ["http-nio-8080"]
2025-04-06 16:45:06.549 INFO  [restartedMain] o.s.b.w.e.tomcat.TomcatWebServer - Tomcat started on port 8080 (http) with context path '/'
2025-04-06 16:45:06.573 INFO  [restartedMain] c.e.v.VinylTrackerApiApplication - Started VinylTrackerApiApplication in 11.954 seconds (process running for 13.342)
2025-04-06 16:45:06.583 INFO  [restartedMain] c.e.v.VinylTrackerApiApplication - Приложение запущено!
2025-04-06 16:45:06.840 INFO  [RMI TCP Connection(1)-192.168.56.1] o.a.c.c.C.[Tomcat].[localhost].[/] - Initializing Spring DispatcherServlet 'dispatcherServlet'
2025-04-06 16:45:06.841 INFO  [RMI TCP Connection(1)-192.168.56.1] o.s.web.servlet.DispatcherServlet - Initializing Servlet 'dispatcherServlet'
2025-04-06 16:45:06.847 INFO  [RMI TCP Connection(1)-192.168.56.1] o.s.web.servlet.DispatcherServlet - Completed initialization in 6 ms
2025-04-06 16:45:55.805 INFO  [http-nio-8080-exec-3] c.e.v.api.aspects.LoggingAspect - [GET] /vinyls/1 - ResponseEntity com.example.vinyltrackerapi.api.controllers.VinylController.getVinylById(Integer)
2025-04-06 16:45:55.833 INFO  [http-nio-8080-exec-3] c.e.v.service.CacheService - [CACHE] Добавлено: vinyl-1
2025-04-06 16:45:55.834 INFO  [http-nio-8080-exec-3] c.e.v.service.VinylService - [VINYL] Пластинка найдена и добавлена в кэш: ID=1
2025-04-06 16:45:59.427 WARN  [http-nio-8080-exec-2] o.s.w.s.m.m.a.ExceptionHandlerExceptionResolver - Resolved [org.springframework.web.servlet.resource.NoResourceFoundException: No static resource vinyls.]
2025-04-06 16:46:04.324 WARN  [http-nio-8080-exec-6] o.s.w.s.m.m.a.ExceptionHandlerExceptionResolver - Resolved [org.springframework.web.method.annotation.MethodArgumentTypeMismatchException: Method parameter 'id': Failed to convert value of type 'java.lang.String' to required type 'java.lang.Integer'; For input string: "fd"]
2025-04-06 16:47:00.355 WARN  [http-nio-8080-exec-7] o.s.w.s.m.m.a.ExceptionHandlerExceptionResolver - Resolved [org.springframework.web.method.annotation.MethodArgumentTypeMismatchException: Method parameter 'id': Failed to convert value of type 'java.lang.String' to required type 'java.lang.Integer'; For input string: "fd"]
2025-04-06 16:47:03.912 INFO  [http-nio-8080-exec-9] c.e.v.api.aspects.LoggingAspect - [GET] /users/1 - ResponseEntity com.example.vinyltrackerapi.api.controllers.UserController.getUserById(Integer)
2025-04-06 16:47:03.917 INFO  [http-nio-8080-exec-9] c.e.v.service.CacheService - [CACHE] Добавлено: user-1
2025-04-06 16:47:03.917 INFO  [http-nio-8080-exec-9] c.e.v.service.UserService - [USER] Пользователь найден и добавлен в кэш: ID=1
2025-04-06 16:47:05.947 WARN  [http-nio-8080-exec-10] o.s.w.s.m.m.a.ExceptionHandlerExceptionResolver - Resolved [org.springframework.web.servlet.resource.NoResourceFoundException: No static resource users.]
2025-04-06 16:48:14.157 INFO  [SpringApplicationShutdownHook] o.s.b.w.e.tomcat.GracefulShutdown - Commencing graceful shutdown. Waiting for active requests to complete
2025-04-06 16:48:14.173 INFO  [tomcat-shutdown] o.s.b.w.e.tomcat.GracefulShutdown - Graceful shutdown complete
2025-04-06 16:48:14.178 INFO  [SpringApplicationShutdownHook] c.e.v.service.CacheService - [CACHE] Планировщик успешно завершён.
2025-04-06 16:48:14.179 INFO  [SpringApplicationShutdownHook] o.s.o.j.LocalContainerEntityManagerFactoryBean - Closing JPA EntityManagerFactory for persistence unit 'default'
2025-04-06 16:48:14.182 INFO  [SpringApplicationShutdownHook] com.zaxxer.hikari.HikariDataSource - HikariPool-1 - Shutdown initiated...
2025-04-06 16:48:14.184 INFO  [SpringApplicationShutdownHook] com.zaxxer.hikari.HikariDataSource - HikariPool-1 - Shutdown completed.
