2025-03-28 11:41:09.675 INFO  [background-preinit] o.h.validator.internal.util.Version - HV000001: Hibernate Validator 8.0.2.Final
2025-03-28 11:41:09.723 INFO  [restartedMain] c.e.v.VinylTrackerApiApplication - Starting VinylTrackerApiApplication using Java 23.0.2 with PID 4520 (C:\JCP\VinylTrackerAPI\target\classes started by Roman Ambrosevich in C:\JCP\VinylTrackerAPI)
2025-03-28 11:41:09.723 DEBUG [restartedMain] c.e.v.VinylTrackerApiApplication - Running with Spring Boot v3.4.2, Spring v6.2.2
2025-03-28 11:41:09.723 INFO  [restartedMain] c.e.v.VinylTrackerApiApplication - No active profile set, falling back to 1 default profile: "default"
2025-03-28 11:41:09.843 INFO  [restartedMain] o.s.b.d.e.DevToolsPropertyDefaultsPostProcessor - Devtools property defaults active! Set 'spring.devtools.add-properties' to 'false' to disable
2025-03-28 11:41:09.843 INFO  [restartedMain] o.s.b.d.e.DevToolsPropertyDefaultsPostProcessor - For additional web related logging consider setting the 'logging.level.web' property to 'DEBUG'
2025-03-28 11:41:10.701 INFO  [restartedMain] o.s.d.r.c.RepositoryConfigurationDelegate - Bootstrapping Spring Data JPA repositories in DEFAULT mode.
2025-03-28 11:41:10.759 INFO  [restartedMain] o.s.d.r.c.RepositoryConfigurationDelegate - Finished Spring Data repository scanning in 49 ms. Found 6 JPA repository interfaces.
2025-03-28 11:41:11.340 INFO  [restartedMain] o.s.b.w.e.tomcat.TomcatWebServer - Tomcat initialized with port 8080 (http)
2025-03-28 11:41:11.349 INFO  [restartedMain] o.a.coyote.http11.Http11NioProtocol - Initializing ProtocolHandler ["http-nio-8080"]
2025-03-28 11:41:11.350 INFO  [restartedMain] o.a.catalina.core.StandardService - Starting service [Tomcat]
2025-03-28 11:41:11.351 INFO  [restartedMain] o.a.catalina.core.StandardEngine - Starting Servlet engine: [Apache Tomcat/10.1.34]
2025-03-28 11:41:11.391 INFO  [restartedMain] o.a.c.c.C.[Tomcat].[localhost].[/] - Initializing Spring embedded WebApplicationContext
2025-03-28 11:41:11.391 INFO  [restartedMain] o.s.b.w.s.c.ServletWebServerApplicationContext - Root WebApplicationContext: initialization completed in 1547 ms
2025-03-28 11:41:11.711 INFO  [restartedMain] o.h.jpa.internal.util.LogHelper - HHH000204: Processing PersistenceUnitInfo [name: default]
2025-03-28 11:41:11.769 INFO  [restartedMain] org.hibernate.Version - HHH000412: Hibernate ORM core version 6.6.5.Final
2025-03-28 11:41:11.806 INFO  [restartedMain] o.h.c.i.RegionFactoryInitiator - HHH000026: Second-level cache disabled
2025-03-28 11:41:12.038 INFO  [restartedMain] o.s.o.j.p.SpringPersistenceUnitInfo - No LoadTimeWeaver setup: ignoring JPA class transformer
2025-03-28 11:41:12.065 INFO  [restartedMain] com.zaxxer.hikari.HikariDataSource - HikariPool-1 - Starting...
2025-03-28 11:41:12.154 INFO  [restartedMain] com.zaxxer.hikari.pool.HikariPool - HikariPool-1 - Added connection org.postgresql.jdbc.PgConnection@71936010
2025-03-28 11:41:12.156 INFO  [restartedMain] com.zaxxer.hikari.HikariDataSource - HikariPool-1 - Start completed.
2025-03-28 11:41:12.418 WARN  [restartedMain] org.hibernate.orm.deprecation - HHH90000025: PostgreSQLDialect does not need to be specified explicitly using 'hibernate.dialect' (remove the property setting and it will be selected by default)
2025-03-28 11:41:12.432 INFO  [restartedMain] o.hibernate.orm.connections.pooling - HHH10001005: Database info:
	Database JDBC URL [Connecting through datasource 'HikariDataSource (HikariPool-1)']
	Database driver: undefined/unknown
	Database version: 17.2
	Autocommit mode: undefined/unknown
	Isolation level: undefined/unknown
	Minimum pool size: undefined/unknown
	Maximum pool size: undefined/unknown
2025-03-28 11:41:13.315 INFO  [restartedMain] o.h.e.t.j.p.i.JtaPlatformInitiator - HHH000489: No JTA platform available (set 'hibernate.transaction.jta.platform' to enable JTA platform integration)
2025-03-28 11:41:13.769 INFO  [restartedMain] o.s.o.j.LocalContainerEntityManagerFactoryBean - Initialized JPA EntityManagerFactory for persistence unit 'default'
2025-03-28 11:41:14.092 INFO  [restartedMain] c.e.v.service.RoleService - [ROLE] Все роли загружены в кэш
2025-03-28 11:41:14.244 INFO  [restartedMain] c.e.v.service.VinylStatusService - [VINYL-STATUS] Все жанры загружены в кэш
2025-03-28 11:41:14.265 INFO  [restartedMain] o.s.d.j.r.query.QueryEnhancerFactory - Hibernate is in classpath; If applicable, HQL parser will be used.
2025-03-28 11:41:14.291 INFO  [restartedMain] c.e.v.service.GenreService - [GENRE] Все жанры загружены в кэш
2025-03-28 11:41:14.435 WARN  [restartedMain] o.s.b.a.o.j.JpaBaseConfiguration$JpaWebConfiguration - spring.jpa.open-in-view is enabled by default. Therefore, database queries may be performed during view rendering. Explicitly configure spring.jpa.open-in-view to disable this warning
2025-03-28 11:41:15.149 INFO  [restartedMain] o.s.b.d.a.OptionalLiveReloadServer - LiveReload server is running on port 35729
2025-03-28 11:41:15.157 INFO  [restartedMain] o.s.b.a.e.web.EndpointLinksResolver - Exposing 1 endpoint beneath base path '/actuator'
2025-03-28 11:41:15.205 INFO  [restartedMain] o.a.coyote.http11.Http11NioProtocol - Starting ProtocolHandler ["http-nio-8080"]
2025-03-28 11:41:15.218 INFO  [restartedMain] o.s.b.w.e.tomcat.TomcatWebServer - Tomcat started on port 8080 (http) with context path '/'
2025-03-28 11:41:15.231 INFO  [restartedMain] c.e.v.VinylTrackerApiApplication - Started VinylTrackerApiApplication in 5.966 seconds (process running for 6.625)
2025-03-28 11:41:15.236 INFO  [restartedMain] c.e.v.VinylTrackerApiApplication - Приложение запущено!
2025-03-28 11:41:15.380 INFO  [RMI TCP Connection(3)-192.168.56.1] o.a.c.c.C.[Tomcat].[localhost].[/] - Initializing Spring DispatcherServlet 'dispatcherServlet'
2025-03-28 11:41:15.380 INFO  [RMI TCP Connection(3)-192.168.56.1] o.s.web.servlet.DispatcherServlet - Initializing Servlet 'dispatcherServlet'
2025-03-28 11:41:15.383 INFO  [RMI TCP Connection(3)-192.168.56.1] o.s.web.servlet.DispatcherServlet - Completed initialization in 3 ms
2025-03-28 11:41:52.202 INFO  [http-nio-8080-exec-1] c.e.v.api.aspects.LoggingAspect - [GET] /users - List com.example.vinyltrackerapi.api.controllers.UserController.getAllUsers()
2025-03-28 11:41:52.218 INFO  [http-nio-8080-exec-1] c.e.v.service.CacheService - [CACHE] Добавлено: all-users
2025-03-28 11:41:52.218 INFO  [http-nio-8080-exec-1] c.e.v.service.UserService - [USER] Получены все пользователи
2025-03-28 11:41:57.740 INFO  [http-nio-8080-exec-5] c.e.v.api.aspects.LoggingAspect - [GET] /logs/2025-03-28_11-40 - ResponseEntity com.example.vinyltrackerapi.api.controllers.LogController.getLogsByDateTime(String)
